Using pre-set license
Built from '2022.3/staging' branch; Version is '2022.3.32f1 (c8300dc0a3fa) revision 13119501'; Using compiler version '192829333'; Build Type 'Release'
OS: 'Windows 10  (10.0.19045) 64bit Core' Language: 'en' Physical Memory: 8117 MB
BatchMode: 1, IsHumanControllingUs: 0, StartBugReporterOnCrash: 0, Is64bit: 1, IsPro: 1

COMMAND LINE ARGUMENTS:
D:\SEW\2022.3.32f1\Editor\Unity.exe
-adb2
-batchMode
-noUpm
-name
AssetImportWorker3
-projectPath
D:/Games/ArinsTaleRemastered
-logFile
Logs/AssetImportWorker3.log
-srvPort
63852
Successfully changed project path to: D:/Games/ArinsTaleRemastered
D:/Games/ArinsTaleRemastered
[UnityMemory] Configuration Parameters - Can be set up in boot.config
    "memorysetup-bucket-allocator-granularity=16"
    "memorysetup-bucket-allocator-bucket-count=8"
    "memorysetup-bucket-allocator-block-size=33554432"
    "memorysetup-bucket-allocator-block-count=8"
    "memorysetup-main-allocator-block-size=16777216"
    "memorysetup-thread-allocator-block-size=16777216"
    "memorysetup-gfx-main-allocator-block-size=16777216"
    "memorysetup-gfx-thread-allocator-block-size=16777216"
    "memorysetup-cache-allocator-block-size=4194304"
    "memorysetup-typetree-allocator-block-size=2097152"
    "memorysetup-profiler-bucket-allocator-granularity=16"
    "memorysetup-profiler-bucket-allocator-bucket-count=8"
    "memorysetup-profiler-bucket-allocator-block-size=33554432"
    "memorysetup-profiler-bucket-allocator-block-count=8"
    "memorysetup-profiler-allocator-block-size=16777216"
    "memorysetup-profiler-editor-allocator-block-size=1048576"
    "memorysetup-temp-allocator-size-main=16777216"
    "memorysetup-job-temp-allocator-block-size=2097152"
    "memorysetup-job-temp-allocator-block-size-background=1048576"
    "memorysetup-job-temp-allocator-reduction-small-platforms=262144"
    "memorysetup-allocator-temp-initial-block-size-main=262144"
    "memorysetup-allocator-temp-initial-block-size-worker=262144"
    "memorysetup-temp-allocator-size-background-worker=32768"
    "memorysetup-temp-allocator-size-job-worker=262144"
    "memorysetup-temp-allocator-size-preload-manager=33554432"
    "memorysetup-temp-allocator-size-nav-mesh-worker=65536"
    "memorysetup-temp-allocator-size-audio-worker=65536"
    "memorysetup-temp-allocator-size-cloud-worker=32768"
    "memorysetup-temp-allocator-size-gi-baking-worker=262144"
    "memorysetup-temp-allocator-size-gfx=262144"
Player connection [26068] Host "[IP] 10.0.0.4 [Port] 0 [Flags] 2 [Guid] 3469553788 [EditorId] 3469553788 [Version] 1048832 [Id] WindowsEditor(7,DESKTOP-6GTBPRB) [Debug] 1 [PackageName] WindowsEditor [ProjectName] Editor" joined multi-casting on [225.0.0.222:54997]...

Player connection [26068] Host "[IP] 10.0.0.4 [Port] 0 [Flags] 2 [Guid] 3469553788 [EditorId] 3469553788 [Version] 1048832 [Id] WindowsEditor(7,DESKTOP-6GTBPRB) [Debug] 1 [PackageName] WindowsEditor [ProjectName] Editor" joined alternative multi-casting on [225.0.0.222:34997]...

[PhysX] Initialized MultithreadedTaskDispatcher with 12 workers.
Refreshing native plugins compatible for Editor in 141.79 ms, found 3 plugins.
Preloading 0 native plugins for Editor in 0.00 ms.
Initialize engine version: 2022.3.32f1 (c8300dc0a3fa)
[Subsystems] Discovering subsystems at path D:/SEW/2022.3.32f1/Editor/Data/Resources/UnitySubsystems
[Subsystems] Discovering subsystems at path D:/Games/ArinsTaleRemastered/Assets
GfxDevice: creating device client; threaded=0; jobified=0
Direct3D:
    Version:  Direct3D 11.0 [level 11.1]
    Renderer: NVIDIA GeForce GTX 1060 6GB (ID=0x1c03)
    Vendor:   NVIDIA
    VRAM:     6029 MB
    Driver:   31.0.15.5134
Initialize mono
Mono path[0] = 'D:/SEW/2022.3.32f1/Editor/Data/Managed'
Mono path[1] = 'D:/SEW/2022.3.32f1/Editor/Data/MonoBleedingEdge/lib/mono/unityjit-win32'
Mono config path = 'D:/SEW/2022.3.32f1/Editor/Data/MonoBleedingEdge/etc'
Using monoOptions --debugger-agent=transport=dt_socket,embedding=1,server=y,suspend=n,address=127.0.0.1:56288
Begin MonoManager ReloadAssembly
Registering precompiled unity dll's ...
Register platform support module: D:/SEW/2022.3.32f1/Editor/Data/PlaybackEngines/WebGLSupport/UnityEditor.WebGL.Extensions.dll
Register platform support module: D:/SEW/2022.3.32f1/Editor/Data/PlaybackEngines/WindowsStandaloneSupport/UnityEditor.WindowsStandalone.Extensions.dll
Registered in 0.007987 seconds.
- Loaded All Assemblies, in  0.637 seconds
Native extension for WindowsStandalone target not found
Native extension for WebGL target not found
Mono: successfully reloaded assembly
- Finished resetting the current domain, in  1.358 seconds
Domain Reload Profiling: 1995ms
	BeginReloadAssembly (197ms)
		ExecutionOrderSort (0ms)
		DisableScriptedObjects (0ms)
		BackupInstance (0ms)
		ReleaseScriptingObjects (0ms)
		CreateAndSetChildDomain (1ms)
	RebuildCommonClasses (64ms)
	RebuildNativeTypeToScriptingClass (14ms)
	initialDomainReloadingComplete (67ms)
	LoadAllAssembliesAndSetupDomain (294ms)
		LoadAssemblies (198ms)
		RebuildTransferFunctionScriptingTraits (0ms)
		AnalyzeDomain (290ms)
			TypeCache.Refresh (288ms)
				TypeCache.ScanAssembly (268ms)
			ScanForSourceGeneratedMonoScriptInfo (1ms)
			ResolveRequiredComponents (1ms)
	FinalizeReload (1358ms)
		ReleaseScriptCaches (0ms)
		RebuildScriptCaches (0ms)
		SetupLoadedEditorAssemblies (1288ms)
			LogAssemblyErrors (0ms)
			InitializePlatformSupportModulesInManaged (10ms)
			SetLoadedEditorAssemblies (6ms)
			RefreshPlugins (0ms)
			BeforeProcessingInitializeOnLoad (3ms)
			ProcessInitializeOnLoadAttributes (665ms)
			ProcessInitializeOnLoadMethodAttributes (604ms)
			AfterProcessingInitializeOnLoad (0ms)
			EditorAssembliesLoaded (0ms)
		ExecutionOrderSort2 (0ms)
		AwakeInstancesAfterBackupRestoration (0ms)
========================================================================
Worker process is ready to serve import requests
Begin MonoManager ReloadAssembly
- Loaded All Assemblies, in  0.860 seconds
Refreshing native plugins compatible for Editor in 3.71 ms, found 3 plugins.
Native extension for WindowsStandalone target not found
Native extension for WebGL target not found
Package Manager log level set to [2]
[Package Manager] Server::EnsureServerProcessIsRunning -- launch failed, reason: Unity was launched with the -noUpm command-line argument
[Package Manager] UpmClient::Send -- Unable to send message (not connected to UPM process).
[Package Manager] Cannot connect to Unity Package Manager local server
Mono: successfully reloaded assembly
- Finished resetting the current domain, in  3.522 seconds
Domain Reload Profiling: 4382ms
	BeginReloadAssembly (197ms)
		ExecutionOrderSort (0ms)
		DisableScriptedObjects (7ms)
		BackupInstance (0ms)
		ReleaseScriptingObjects (0ms)
		CreateAndSetChildDomain (26ms)
	RebuildCommonClasses (40ms)
	RebuildNativeTypeToScriptingClass (13ms)
	initialDomainReloadingComplete (45ms)
	LoadAllAssembliesAndSetupDomain (564ms)
		LoadAssemblies (388ms)
		RebuildTransferFunctionScriptingTraits (0ms)
		AnalyzeDomain (301ms)
			TypeCache.Refresh (271ms)
				TypeCache.ScanAssembly (204ms)
			ScanForSourceGeneratedMonoScriptInfo (22ms)
			ResolveRequiredComponents (6ms)
	FinalizeReload (3522ms)
		ReleaseScriptCaches (0ms)
		RebuildScriptCaches (0ms)
		SetupLoadedEditorAssemblies (3339ms)
			LogAssemblyErrors (0ms)
			InitializePlatformSupportModulesInManaged (6ms)
			SetLoadedEditorAssemblies (5ms)
			RefreshPlugins (0ms)
			BeforeProcessingInitializeOnLoad (65ms)
			ProcessInitializeOnLoadAttributes (3233ms)
			ProcessInitializeOnLoadMethodAttributes (26ms)
			AfterProcessingInitializeOnLoad (3ms)
			EditorAssembliesLoaded (0ms)
		ExecutionOrderSort2 (0ms)
		AwakeInstancesAfterBackupRestoration (12ms)
Launched and connected shader compiler UnityShaderCompiler.exe after 0.37 seconds
Refreshing native plugins compatible for Editor in 4.06 ms, found 3 plugins.
Preloading 0 native plugins for Editor in 0.00 ms.
Unloading 3531 Unused Serialized files (Serialized files now loaded: 0)
Unloading 39 unused Assets / (30.8 KB). Loaded Objects now: 4037.
Memory consumption went from 218.8 MB to 218.8 MB.
Total: 4.426800 ms (FindLiveObjects: 0.446600 ms CreateObjectMapping: 0.375100 ms MarkObjects: 3.511400 ms  DeleteObjects: 0.092600 ms)

AssetImportParameters requested are different than current active one (requested -> active):
  custom:container-demuxer-ogg: 62fdf1f143b41e24485cea50d1cbac27 -> 
  custom:video-decoder-ogg-theora: a1e56fd34408186e4bbccfd4996cb3dc -> 
  custom:framework-win-MediaFoundation: 216162199b28c13a410421893ffa2e32 -> 
  custom:CustomObjectIndexerAttribute: 9a22284fe3817be447336de3de66b15e -> 
  custom:container-demuxer-webm: 4f35f7cbe854078d1ac9338744f61a02 -> 
  custom:container-muxer-webm: aa71ff27fc2769a1b78a27578f13a17b -> 
  custom:video-decoder-webm-vp8: 9c59270c3fd7afecdb556c50c9e8de78 -> 
  custom:SearchIndexIgnoredProperties: e643bd26f0fe6173181afceb89e7c659 -> 
  custom:AudioImporter_EditorPlatform: d09bf68614088b80899f8185d706f6e7 -> 
  custom:video-encoder-webm-vp8: eb34c28f22e8b96e1ab97ce403110664 -> 
  custom:audio-decoder-ogg-vorbis: bf7c407c2cedff20999df2af8eb42d56 -> 
  custom:audio-encoder-webm-vorbis: bf7c407c2cedff20999df2af8eb42d56 -> 
========================================================================
Received Import Request.
  Time since last request: 247917.719775 seconds.
  path: Assets/IVT_LowPoly_Weapon/Model/Iron_weapon/Axe_01.fbx
  artifactKey: Guid(1c5895c75fef7fa468e69b4ba459bc00) Importer(815301076,1909f56bfc062723c751e8b465ee728b)
Start importing Assets/IVT_LowPoly_Weapon/Model/Iron_weapon/Axe_01.fbx using Guid(1c5895c75fef7fa468e69b4ba459bc00) Importer(815301076,1909f56bfc062723c751e8b465ee728b) [PhysX] Initialized MultithreadedTaskDispatcher with 12 workers.
[PhysX] Initialized MultithreadedTaskDispatcher with 12 workers.
[PhysX] Initialized MultithreadedTaskDispatcher with 12 workers.
 -> (artifact id: '61dc4c7528a9afe791fbf232814f3ac3') in 0.374146 seconds
Number of updated asset objects reloaded before import = 0
Number of asset objects unloaded after import = 7
========================================================================
Received Import Request.
  Time since last request: 0.000019 seconds.
  path: Assets/IVT_LowPoly_Weapon/Model/Iron_weapon/Sword_02.fbx
  artifactKey: Guid(ae1770622c5719243b33e6dfecf10aa6) Importer(815301076,1909f56bfc062723c751e8b465ee728b)
Start importing Assets/IVT_LowPoly_Weapon/Model/Iron_weapon/Sword_02.fbx using Guid(ae1770622c5719243b33e6dfecf10aa6) Importer(815301076,1909f56bfc062723c751e8b465ee728b) [PhysX] Initialized MultithreadedTaskDispatcher with 12 workers.
[PhysX] Initialized MultithreadedTaskDispatcher with 12 workers.
[PhysX] Initialized MultithreadedTaskDispatcher with 12 workers.
 -> (artifact id: 'bbd6122fec16d41adbf783d7a931ac33') in 0.015281 seconds
Number of updated asset objects reloaded before import = 0
Number of asset objects unloaded after import = 7
========================================================================
Received Import Request.
  Time since last request: 0.000023 seconds.
  path: Assets/IVT_LowPoly_Weapon/Model/Iron_weapon/Sword_01.fbx
  artifactKey: Guid(4347ff9e33c8eaf44a8c3b911cc3db0a) Importer(815301076,1909f56bfc062723c751e8b465ee728b)
Start importing Assets/IVT_LowPoly_Weapon/Model/Iron_weapon/Sword_01.fbx using Guid(4347ff9e33c8eaf44a8c3b911cc3db0a) Importer(815301076,1909f56bfc062723c751e8b465ee728b) [PhysX] Initialized MultithreadedTaskDispatcher with 12 workers.
[PhysX] Initialized MultithreadedTaskDispatcher with 12 workers.
[PhysX] Initialized MultithreadedTaskDispatcher with 12 workers.
 -> (artifact id: 'b1c547c773547dd6a8c5436fe4fcc38c') in 0.015935 seconds
Number of updated asset objects reloaded before import = 0
Number of asset objects unloaded after import = 7
========================================================================
Received Import Request.
  Time since last request: 0.000015 seconds.
  path: Assets/IVT_LowPoly_Weapon/Model/Iron_weapon/Sword_03.fbx
  artifactKey: Guid(3ae2fc7b501c31841bc9548faa70ba8f) Importer(815301076,1909f56bfc062723c751e8b465ee728b)
Start importing Assets/IVT_LowPoly_Weapon/Model/Iron_weapon/Sword_03.fbx using Guid(3ae2fc7b501c31841bc9548faa70ba8f) Importer(815301076,1909f56bfc062723c751e8b465ee728b) [PhysX] Initialized MultithreadedTaskDispatcher with 12 workers.
[PhysX] Initialized MultithreadedTaskDispatcher with 12 workers.
[PhysX] Initialized MultithreadedTaskDispatcher with 12 workers.
 -> (artifact id: 'f5acee083abdb6a81f3eb0028c2bbe6a') in 0.015187 seconds
Number of updated asset objects reloaded before import = 0
Number of asset objects unloaded after import = 7
========================================================================
Received Import Request.
  Time since last request: 0.000018 seconds.
  path: Assets/IVT_LowPoly_Weapon/Model/Iron_weapon/Shild_01.fbx
  artifactKey: Guid(9fdbea1c360392e4b82c94184c306db4) Importer(815301076,1909f56bfc062723c751e8b465ee728b)
Start importing Assets/IVT_LowPoly_Weapon/Model/Iron_weapon/Shild_01.fbx using Guid(9fdbea1c360392e4b82c94184c306db4) Importer(815301076,1909f56bfc062723c751e8b465ee728b) [PhysX] Initialized MultithreadedTaskDispatcher with 12 workers.
[PhysX] Initialized MultithreadedTaskDispatcher with 12 workers.
[PhysX] Initialized MultithreadedTaskDispatcher with 12 workers.
 -> (artifact id: '4d40ed188e3d73bf9df9b1c57a364c11') in 0.053367 seconds
Number of updated asset objects reloaded before import = 0
Number of asset objects unloaded after import = 7
========================================================================
Received Import Request.
  Time since last request: 0.000015 seconds.
  path: Assets/IVT_LowPoly_Weapon/Model/Iron_weapon/Mace_01.fbx
  artifactKey: Guid(ecb3ab431cbd59d4f828d028f6b8a6ea) Importer(815301076,1909f56bfc062723c751e8b465ee728b)
Start importing Assets/IVT_LowPoly_Weapon/Model/Iron_weapon/Mace_01.fbx using Guid(ecb3ab431cbd59d4f828d028f6b8a6ea) Importer(815301076,1909f56bfc062723c751e8b465ee728b) [PhysX] Initialized MultithreadedTaskDispatcher with 12 workers.
[PhysX] Initialized MultithreadedTaskDispatcher with 12 workers.
[PhysX] Initialized MultithreadedTaskDispatcher with 12 workers.
 -> (artifact id: 'f46fae68030205aba338f81b41148ce1') in 0.054193 seconds
Number of updated asset objects reloaded before import = 0
Number of asset objects unloaded after import = 7
========================================================================
Received Import Request.
  Time since last request: 3.885346 seconds.
  path: Assets/IVT_LowPoly_Weapon/Model/Old_weapon/Axe_01.fbx
  artifactKey: Guid(00f535a9d1547e2499185fc997f63796) Importer(815301076,1909f56bfc062723c751e8b465ee728b)
Start importing Assets/IVT_LowPoly_Weapon/Model/Old_weapon/Axe_01.fbx using Guid(00f535a9d1547e2499185fc997f63796) Importer(815301076,1909f56bfc062723c751e8b465ee728b) [PhysX] Initialized MultithreadedTaskDispatcher with 12 workers.
[PhysX] Initialized MultithreadedTaskDispatcher with 12 workers.
[PhysX] Initialized MultithreadedTaskDispatcher with 12 workers.
 -> (artifact id: '526ee261a29a03c15ee94457f9f24ed2') in 0.015152 seconds
Number of updated asset objects reloaded before import = 0
Number of asset objects unloaded after import = 7
========================================================================
Received Import Request.
  Time since last request: 0.000019 seconds.
  path: Assets/IVT_LowPoly_Weapon/Model/Old_weapon/Axe_02.fbx
  artifactKey: Guid(124dff113ec15a34085359aa152406f7) Importer(815301076,1909f56bfc062723c751e8b465ee728b)
Start importing Assets/IVT_LowPoly_Weapon/Model/Old_weapon/Axe_02.fbx using Guid(124dff113ec15a34085359aa152406f7) Importer(815301076,1909f56bfc062723c751e8b465ee728b) [PhysX] Initialized MultithreadedTaskDispatcher with 12 workers.
[PhysX] Initialized MultithreadedTaskDispatcher with 12 workers.
[PhysX] Initialized MultithreadedTaskDispatcher with 12 workers.
 -> (artifact id: '54632852dd7df4abad89343926d12a27') in 0.013966 seconds
Number of updated asset objects reloaded before import = 0
Number of asset objects unloaded after import = 7
========================================================================
Received Import Request.
  Time since last request: 0.000019 seconds.
  path: Assets/IVT_LowPoly_Weapon/Model/Old_weapon/Dagger_01.fbx
  artifactKey: Guid(c4c480dac43036944a3f1f903988339f) Importer(815301076,1909f56bfc062723c751e8b465ee728b)
Start importing Assets/IVT_LowPoly_Weapon/Model/Old_weapon/Dagger_01.fbx using Guid(c4c480dac43036944a3f1f903988339f) Importer(815301076,1909f56bfc062723c751e8b465ee728b) [PhysX] Initialized MultithreadedTaskDispatcher with 12 workers.
[PhysX] Initialized MultithreadedTaskDispatcher with 12 workers.
[PhysX] Initialized MultithreadedTaskDispatcher with 12 workers.
 -> (artifact id: 'a2fde437d54bd0971de01b6f6ea1e7f7') in 0.014117 seconds
Number of updated asset objects reloaded before import = 0
Number of asset objects unloaded after import = 7
========================================================================
Received Import Request.
  Time since last request: 0.000039 seconds.
  path: Assets/IVT_LowPoly_Weapon/Model/Old_weapon/Quiver_01.fbx
  artifactKey: Guid(6be676b4557c1534bb57bac7b2bee0af) Importer(815301076,1909f56bfc062723c751e8b465ee728b)
Start importing Assets/IVT_LowPoly_Weapon/Model/Old_weapon/Quiver_01.fbx using Guid(6be676b4557c1534bb57bac7b2bee0af) Importer(815301076,1909f56bfc062723c751e8b465ee728b) [PhysX] Initialized MultithreadedTaskDispatcher with 12 workers.
[PhysX] Initialized MultithreadedTaskDispatcher with 12 workers.
[PhysX] Initialized MultithreadedTaskDispatcher with 12 workers.
 -> (artifact id: 'a8e6501e61b01d1dd98105e00a8e0087') in 0.054226 seconds
Number of updated asset objects reloaded before import = 0
Number of asset objects unloaded after import = 7
========================================================================
Received Import Request.
  Time since last request: 0.000017 seconds.
  path: Assets/IVT_LowPoly_Weapon/Model/Old_weapon/Shild_02.fbx
  artifactKey: Guid(fcaa9304297f1c447a073da3c89d0391) Importer(815301076,1909f56bfc062723c751e8b465ee728b)
Start importing Assets/IVT_LowPoly_Weapon/Model/Old_weapon/Shild_02.fbx using Guid(fcaa9304297f1c447a073da3c89d0391) Importer(815301076,1909f56bfc062723c751e8b465ee728b) [PhysX] Initialized MultithreadedTaskDispatcher with 12 workers.
[PhysX] Initialized MultithreadedTaskDispatcher with 12 workers.
[PhysX] Initialized MultithreadedTaskDispatcher with 12 workers.
 -> (artifact id: '9ab9eb87b35bdcc2173c9db91f3a4996') in 0.016358 seconds
Number of updated asset objects reloaded before import = 0
Number of asset objects unloaded after import = 7
========================================================================
Received Import Request.
  Time since last request: 0.000015 seconds.
  path: Assets/IVT_LowPoly_Weapon/Model/Old_weapon/Sword_03.fbx
  artifactKey: Guid(decd2231a5bb5324b8a2c85ae9063800) Importer(815301076,1909f56bfc062723c751e8b465ee728b)
Start importing Assets/IVT_LowPoly_Weapon/Model/Old_weapon/Sword_03.fbx using Guid(decd2231a5bb5324b8a2c85ae9063800) Importer(815301076,1909f56bfc062723c751e8b465ee728b) [PhysX] Initialized MultithreadedTaskDispatcher with 12 workers.
[PhysX] Initialized MultithreadedTaskDispatcher with 12 workers.
[PhysX] Initialized MultithreadedTaskDispatcher with 12 workers.
 -> (artifact id: 'e4214cb8bba29f59ac514ddcadb97b92') in 0.016328 seconds
Number of updated asset objects reloaded before import = 0
Number of asset objects unloaded after import = 7
========================================================================
Received Import Request.
  Time since last request: 0.000017 seconds.
  path: Assets/IVT_LowPoly_Weapon/Model/Old_weapon/Sword_02.fbx
  artifactKey: Guid(7fb3e9096b96c6c40b8ca5e7b034a3dd) Importer(815301076,1909f56bfc062723c751e8b465ee728b)
Start importing Assets/IVT_LowPoly_Weapon/Model/Old_weapon/Sword_02.fbx using Guid(7fb3e9096b96c6c40b8ca5e7b034a3dd) Importer(815301076,1909f56bfc062723c751e8b465ee728b) [PhysX] Initialized MultithreadedTaskDispatcher with 12 workers.
[PhysX] Initialized MultithreadedTaskDispatcher with 12 workers.
[PhysX] Initialized MultithreadedTaskDispatcher with 12 workers.
 -> (artifact id: 'cc6d00a6fc14f3548c8b77a79af12c21') in 0.041526 seconds
Number of updated asset objects reloaded before import = 0
Number of asset objects unloaded after import = 7
========================================================================
Received Import Request.
  Time since last request: 0.000019 seconds.
  path: Assets/IVT_LowPoly_Weapon/Model/Old_weapon/Hammer_01.fbx
  artifactKey: Guid(afe8c3f4e5cca4b49bb799e2b94e0392) Importer(815301076,1909f56bfc062723c751e8b465ee728b)
Start importing Assets/IVT_LowPoly_Weapon/Model/Old_weapon/Hammer_01.fbx using Guid(afe8c3f4e5cca4b49bb799e2b94e0392) Importer(815301076,1909f56bfc062723c751e8b465ee728b) [PhysX] Initialized MultithreadedTaskDispatcher with 12 workers.
[PhysX] Initialized MultithreadedTaskDispatcher with 12 workers.
[PhysX] Initialized MultithreadedTaskDispatcher with 12 workers.
 -> (artifact id: 'd73629a2176ce775a05a4ab31a077cbb') in 0.046400 seconds
Number of updated asset objects reloaded before import = 0
Number of asset objects unloaded after import = 7
========================================================================
Received Import Request.
  Time since last request: 0.000032 seconds.
  path: Assets/IVT_LowPoly_Weapon/Model/Old_weapon/Mace_01.fbx
  artifactKey: Guid(6228517a6a4387d42ba023d9af52dfa7) Importer(815301076,1909f56bfc062723c751e8b465ee728b)
Start importing Assets/IVT_LowPoly_Weapon/Model/Old_weapon/Mace_01.fbx using Guid(6228517a6a4387d42ba023d9af52dfa7) Importer(815301076,1909f56bfc062723c751e8b465ee728b) [PhysX] Initialized MultithreadedTaskDispatcher with 12 workers.
[PhysX] Initialized MultithreadedTaskDispatcher with 12 workers.
[PhysX] Initialized MultithreadedTaskDispatcher with 12 workers.
 -> (artifact id: 'efa317c0f7c32f1217e868df10351c8f') in 0.022504 seconds
Number of updated asset objects reloaded before import = 0
Number of asset objects unloaded after import = 7
========================================================================
Received Import Request.
  Time since last request: 7.196682 seconds.
  path: Assets/IVT_LowPoly_Weapon/Model/Black_weapon/Axe_02.fbx
  artifactKey: Guid(9396ae438da448e449c579c73ba0cac3) Importer(815301076,1909f56bfc062723c751e8b465ee728b)
Start importing Assets/IVT_LowPoly_Weapon/Model/Black_weapon/Axe_02.fbx using Guid(9396ae438da448e449c579c73ba0cac3) Importer(815301076,1909f56bfc062723c751e8b465ee728b) [PhysX] Initialized MultithreadedTaskDispatcher with 12 workers.
[PhysX] Initialized MultithreadedTaskDispatcher with 12 workers.
[PhysX] Initialized MultithreadedTaskDispatcher with 12 workers.
 -> (artifact id: '8ad7ba800c6995d057d89a4f966e513a') in 0.016495 seconds
Number of updated asset objects reloaded before import = 0
Number of asset objects unloaded after import = 7
========================================================================
Received Import Request.
  Time since last request: 0.007151 seconds.
  path: Assets/IVT_LowPoly_Weapon/Model/Black_weapon/Dagger_01.fbx
  artifactKey: Guid(8e9efb330a5153149b0010d35cf531b9) Importer(815301076,1909f56bfc062723c751e8b465ee728b)
Start importing Assets/IVT_LowPoly_Weapon/Model/Black_weapon/Dagger_01.fbx using Guid(8e9efb330a5153149b0010d35cf531b9) Importer(815301076,1909f56bfc062723c751e8b465ee728b) [PhysX] Initialized MultithreadedTaskDispatcher with 12 workers.
[PhysX] Initialized MultithreadedTaskDispatcher with 12 workers.
[PhysX] Initialized MultithreadedTaskDispatcher with 12 workers.
 -> (artifact id: '1724252ed3df9d6c6785b2086e36d6d6') in 0.014520 seconds
Number of updated asset objects reloaded before import = 0
Number of asset objects unloaded after import = 7
========================================================================
Received Import Request.
  Time since last request: 0.000025 seconds.
  path: Assets/IVT_LowPoly_Weapon/Model/Black_weapon/Hammer_01.fbx
  artifactKey: Guid(72925a02579762143aabf4ea906033c9) Importer(815301076,1909f56bfc062723c751e8b465ee728b)
Start importing Assets/IVT_LowPoly_Weapon/Model/Black_weapon/Hammer_01.fbx using Guid(72925a02579762143aabf4ea906033c9) Importer(815301076,1909f56bfc062723c751e8b465ee728b) [PhysX] Initialized MultithreadedTaskDispatcher with 12 workers.
[PhysX] Initialized MultithreadedTaskDispatcher with 12 workers.
[PhysX] Initialized MultithreadedTaskDispatcher with 12 workers.
 -> (artifact id: 'b31c012fe108bf027ab32435ebea5cb6') in 0.015500 seconds
Number of updated asset objects reloaded before import = 0
Number of asset objects unloaded after import = 7
========================================================================
Received Import Request.
  Time since last request: 0.001526 seconds.
  path: Assets/IVT_LowPoly_Weapon/Model/Black_weapon/Shild_01.fbx
  artifactKey: Guid(89e6ba571da441c45aca53e1fb40d5c7) Importer(815301076,1909f56bfc062723c751e8b465ee728b)
Start importing Assets/IVT_LowPoly_Weapon/Model/Black_weapon/Shild_01.fbx using Guid(89e6ba571da441c45aca53e1fb40d5c7) Importer(815301076,1909f56bfc062723c751e8b465ee728b) [PhysX] Initialized MultithreadedTaskDispatcher with 12 workers.
[PhysX] Initialized MultithreadedTaskDispatcher with 12 workers.
[PhysX] Initialized MultithreadedTaskDispatcher with 12 workers.
 -> (artifact id: '05e6b5dc4626490a06441a479b7a6d61') in 0.014589 seconds
Number of updated asset objects reloaded before import = 0
Number of asset objects unloaded after import = 7
========================================================================
Received Import Request.
  Time since last request: 0.000023 seconds.
  path: Assets/IVT_LowPoly_Weapon/Model/Black_weapon/Sword_01.fbx
  artifactKey: Guid(e0a8e43e83a17a44e89b9b09991983ae) Importer(815301076,1909f56bfc062723c751e8b465ee728b)
Start importing Assets/IVT_LowPoly_Weapon/Model/Black_weapon/Sword_01.fbx using Guid(e0a8e43e83a17a44e89b9b09991983ae) Importer(815301076,1909f56bfc062723c751e8b465ee728b) [PhysX] Initialized MultithreadedTaskDispatcher with 12 workers.
[PhysX] Initialized MultithreadedTaskDispatcher with 12 workers.
[PhysX] Initialized MultithreadedTaskDispatcher with 12 workers.
 -> (artifact id: '0e37baea5868190d9edcdf9b50c06382') in 0.064368 seconds
Number of updated asset objects reloaded before import = 0
Number of asset objects unloaded after import = 7
========================================================================
Received Import Request.
  Time since last request: 72.232296 seconds.
  path: Assets/IVT_LowPoly_Weapon/Model/Iron_weapon/Material.016.mat
  artifactKey: Guid(482726bde9b3aac4f8e6c911da32b842) Importer(815301076,1909f56bfc062723c751e8b465ee728b)
Start importing Assets/IVT_LowPoly_Weapon/Model/Iron_weapon/Material.016.mat using Guid(482726bde9b3aac4f8e6c911da32b842) Importer(815301076,1909f56bfc062723c751e8b465ee728b) [PhysX] Initialized MultithreadedTaskDispatcher with 12 workers.
[PhysX] Initialized MultithreadedTaskDispatcher with 12 workers.
 -> (artifact id: '0b05f1dd95e1f541e87703ac17f07c1f') in 3.979053 seconds
Number of updated asset objects reloaded before import = 0
Number of asset objects unloaded after import = 1
========================================================================
Received Import Request.
  Time since last request: 141.720713 seconds.
  path: Assets/IVT_LowPoly_Weapon/Texture/IVY_Texture_01.png
  artifactKey: Guid(f002199b0bb289d4ba8bcb1bd412e5b0) Importer(815301076,1909f56bfc062723c751e8b465ee728b)
Start importing Assets/IVT_LowPoly_Weapon/Texture/IVY_Texture_01.png using Guid(f002199b0bb289d4ba8bcb1bd412e5b0) Importer(815301076,1909f56bfc062723c751e8b465ee728b) [PhysX] Initialized MultithreadedTaskDispatcher with 12 workers.
[PhysX] Initialized MultithreadedTaskDispatcher with 12 workers.
 -> (artifact id: '1996fafce1461638ac17f0227844ec03') in 0.044238 seconds
Number of updated asset objects reloaded before import = 0
Number of asset objects unloaded after import = 2
========================================================================
Received Import Request.
  Time since last request: 0.000029 seconds.
  path: Assets/IVT_LowPoly_Weapon/Texture/IVY_Texture_01_Metal.png
  artifactKey: Guid(463e4cf48042b704b992fd33890d2009) Importer(815301076,1909f56bfc062723c751e8b465ee728b)
Start importing Assets/IVT_LowPoly_Weapon/Texture/IVY_Texture_01_Metal.png using Guid(463e4cf48042b704b992fd33890d2009) Importer(815301076,1909f56bfc062723c751e8b465ee728b) [PhysX] Initialized MultithreadedTaskDispatcher with 12 workers.
[PhysX] Initialized MultithreadedTaskDispatcher with 12 workers.
 -> (artifact id: '8756777a4a755f9d6acf9300a3b9b869') in 0.014268 seconds
Number of updated asset objects reloaded before import = 0
Number of asset objects unloaded after import = 2
========================================================================
Received Import Request.
  Time since last request: 7.421549 seconds.
  path: Assets/IVT_LowPoly_Weapon/Material/Floor.mat
  artifactKey: Guid(52afa6ae1b28c24478963d4022fd8217) Importer(815301076,1909f56bfc062723c751e8b465ee728b)
Start importing Assets/IVT_LowPoly_Weapon/Material/Floor.mat using Guid(52afa6ae1b28c24478963d4022fd8217) Importer(815301076,1909f56bfc062723c751e8b465ee728b) [PhysX] Initialized MultithreadedTaskDispatcher with 12 workers.
[PhysX] Initialized MultithreadedTaskDispatcher with 12 workers.
 -> (artifact id: '5bcb80eacc1e46fed15d9564432a17ea') in 0.039608 seconds
Number of updated asset objects reloaded before import = 0
Number of asset objects unloaded after import = 2
========================================================================
Received Import Request.
  Time since last request: 0.000017 seconds.
  path: Assets/IVT_LowPoly_Weapon/Material/Old_Material 1.mat
  artifactKey: Guid(00911c3a0060e90488a39eafa2b4c489) Importer(815301076,1909f56bfc062723c751e8b465ee728b)
Start importing Assets/IVT_LowPoly_Weapon/Material/Old_Material 1.mat using Guid(00911c3a0060e90488a39eafa2b4c489) Importer(815301076,1909f56bfc062723c751e8b465ee728b) [PhysX] Initialized MultithreadedTaskDispatcher with 12 workers.
[PhysX] Initialized MultithreadedTaskDispatcher with 12 workers.
 -> (artifact id: '46298935d35ed17cc618a4a733cbd366') in 0.253214 seconds
Number of updated asset objects reloaded before import = 0
Number of asset objects unloaded after import = 3
========================================================================
Received Import Request.
  Time since last request: 0.000019 seconds.
  path: Assets/IVT_LowPoly_Weapon/Material/Iron_Material.mat
  artifactKey: Guid(3f5823ded15649c4fac92d391610bda5) Importer(815301076,1909f56bfc062723c751e8b465ee728b)
Start importing Assets/IVT_LowPoly_Weapon/Material/Iron_Material.mat using Guid(3f5823ded15649c4fac92d391610bda5) Importer(815301076,1909f56bfc062723c751e8b465ee728b) [PhysX] Initialized MultithreadedTaskDispatcher with 12 workers.
[PhysX] Initialized MultithreadedTaskDispatcher with 12 workers.
 -> (artifact id: 'a77ce997c404cb31ed4e60463dee0cbb') in 0.014332 seconds
Number of updated asset objects reloaded before import = 0
Number of asset objects unloaded after import = 3
========================================================================
Received Import Request.
  Time since last request: 0.000032 seconds.
  path: Assets/IVT_LowPoly_Weapon/Material/Floor 1.mat
  artifactKey: Guid(c3ae2e92ea11dd14c964a7fa15b0f565) Importer(815301076,1909f56bfc062723c751e8b465ee728b)
Start importing Assets/IVT_LowPoly_Weapon/Material/Floor 1.mat using Guid(c3ae2e92ea11dd14c964a7fa15b0f565) Importer(815301076,1909f56bfc062723c751e8b465ee728b) [PhysX] Initialized MultithreadedTaskDispatcher with 12 workers.
[PhysX] Initialized MultithreadedTaskDispatcher with 12 workers.
 -> (artifact id: '32a7ecd693d4fa7ab07f047a54d24aa0') in 0.016319 seconds
Number of updated asset objects reloaded before import = 0
Number of asset objects unloaded after import = 2
Editor requested this worker to shutdown with reason: Scaling down because of idle timeout
TcpMessagingSession - receive error: operation aborted. errorcode: 995, details: The I/O operation has been aborted because of either a thread exit or an application request.
AssetImportWorker is now disconnected from the server
Process exiting
Exiting without the bug reporter. Application will terminate with return code 0