Using pre-set license
Built from '2022.3/staging' branch; Version is '2022.3.32f1 (c8300dc0a3fa) revision 13119501'; Using compiler version '192829333'; Build Type 'Release'
OS: 'Windows 10  (10.0.19045) 64bit Core' Language: 'en' Physical Memory: 8117 MB
BatchMode: 1, IsHumanControllingUs: 0, StartBugReporterOnCrash: 0, Is64bit: 1, IsPro: 1

COMMAND LINE ARGUMENTS:
D:\SEW\2022.3.32f1\Editor\Unity.exe
-adb2
-batchMode
-noUpm
-name
AssetImportWorker1
-projectPath
D:/Games/ArinsTaleRemastered
-logFile
Logs/AssetImportWorker1.log
-srvPort
63852
Successfully changed project path to: D:/Games/ArinsTaleRemastered
D:/Games/ArinsTaleRemastered
[UnityMemory] Configuration Parameters - Can be set up in boot.config
    "memorysetup-bucket-allocator-granularity=16"
    "memorysetup-bucket-allocator-bucket-count=8"
    "memorysetup-bucket-allocator-block-size=33554432"
    "memorysetup-bucket-allocator-block-count=8"
    "memorysetup-main-allocator-block-size=16777216"
    "memorysetup-thread-allocator-block-size=16777216"
    "memorysetup-gfx-main-allocator-block-size=16777216"
    "memorysetup-gfx-thread-allocator-block-size=16777216"
    "memorysetup-cache-allocator-block-size=4194304"
    "memorysetup-typetree-allocator-block-size=2097152"
    "memorysetup-profiler-bucket-allocator-granularity=16"
    "memorysetup-profiler-bucket-allocator-bucket-count=8"
    "memorysetup-profiler-bucket-allocator-block-size=33554432"
    "memorysetup-profiler-bucket-allocator-block-count=8"
    "memorysetup-profiler-allocator-block-size=16777216"
    "memorysetup-profiler-editor-allocator-block-size=1048576"
    "memorysetup-temp-allocator-size-main=16777216"
    "memorysetup-job-temp-allocator-block-size=2097152"
    "memorysetup-job-temp-allocator-block-size-background=1048576"
    "memorysetup-job-temp-allocator-reduction-small-platforms=262144"
    "memorysetup-allocator-temp-initial-block-size-main=262144"
    "memorysetup-allocator-temp-initial-block-size-worker=262144"
    "memorysetup-temp-allocator-size-background-worker=32768"
    "memorysetup-temp-allocator-size-job-worker=262144"
    "memorysetup-temp-allocator-size-preload-manager=33554432"
    "memorysetup-temp-allocator-size-nav-mesh-worker=65536"
    "memorysetup-temp-allocator-size-audio-worker=65536"
    "memorysetup-temp-allocator-size-cloud-worker=32768"
    "memorysetup-temp-allocator-size-gi-baking-worker=262144"
    "memorysetup-temp-allocator-size-gfx=262144"
Player connection [16160] Host "[IP] 10.0.0.4 [Port] 0 [Flags] 2 [Guid] 3536935217 [EditorId] 3536935217 [Version] 1048832 [Id] WindowsEditor(7,DESKTOP-6GTBPRB) [Debug] 1 [PackageName] WindowsEditor [ProjectName] Editor" joined multi-casting on [225.0.0.222:54997]...

Player connection [16160] Host "[IP] 10.0.0.4 [Port] 0 [Flags] 2 [Guid] 3536935217 [EditorId] 3536935217 [Version] 1048832 [Id] WindowsEditor(7,DESKTOP-6GTBPRB) [Debug] 1 [PackageName] WindowsEditor [ProjectName] Editor" joined alternative multi-casting on [225.0.0.222:34997]...

[PhysX] Initialized MultithreadedTaskDispatcher with 12 workers.
Refreshing native plugins compatible for Editor in 8.21 ms, found 3 plugins.
Preloading 0 native plugins for Editor in 0.00 ms.
Initialize engine version: 2022.3.32f1 (c8300dc0a3fa)
[Subsystems] Discovering subsystems at path D:/SEW/2022.3.32f1/Editor/Data/Resources/UnitySubsystems
[Subsystems] Discovering subsystems at path D:/Games/ArinsTaleRemastered/Assets
GfxDevice: creating device client; threaded=0; jobified=0
Direct3D:
    Version:  Direct3D 11.0 [level 11.1]
    Renderer: NVIDIA GeForce GTX 1060 6GB (ID=0x1c03)
    Vendor:   NVIDIA
    VRAM:     6029 MB
    Driver:   31.0.15.5134
Initialize mono
Mono path[0] = 'D:/SEW/2022.3.32f1/Editor/Data/Managed'
Mono path[1] = 'D:/SEW/2022.3.32f1/Editor/Data/MonoBleedingEdge/lib/mono/unityjit-win32'
Mono config path = 'D:/SEW/2022.3.32f1/Editor/Data/MonoBleedingEdge/etc'
Using monoOptions --debugger-agent=transport=dt_socket,embedding=1,server=y,suspend=n,address=127.0.0.1:56592
Begin MonoManager ReloadAssembly
Registering precompiled unity dll's ...
Register platform support module: D:/SEW/2022.3.32f1/Editor/Data/PlaybackEngines/WebGLSupport/UnityEditor.WebGL.Extensions.dll
Register platform support module: D:/SEW/2022.3.32f1/Editor/Data/PlaybackEngines/WindowsStandaloneSupport/UnityEditor.WindowsStandalone.Extensions.dll
Registered in 0.005819 seconds.
- Loaded All Assemblies, in  0.464 seconds
Native extension for WindowsStandalone target not found
Native extension for WebGL target not found
Mono: successfully reloaded assembly
- Finished resetting the current domain, in  0.295 seconds
Domain Reload Profiling: 759ms
	BeginReloadAssembly (172ms)
		ExecutionOrderSort (0ms)
		DisableScriptedObjects (0ms)
		BackupInstance (0ms)
		ReleaseScriptingObjects (0ms)
		CreateAndSetChildDomain (1ms)
	RebuildCommonClasses (40ms)
	RebuildNativeTypeToScriptingClass (12ms)
	initialDomainReloadingComplete (62ms)
	LoadAllAssembliesAndSetupDomain (178ms)
		LoadAssemblies (173ms)
		RebuildTransferFunctionScriptingTraits (0ms)
		AnalyzeDomain (175ms)
			TypeCache.Refresh (173ms)
				TypeCache.ScanAssembly (156ms)
			ScanForSourceGeneratedMonoScriptInfo (0ms)
			ResolveRequiredComponents (0ms)
	FinalizeReload (295ms)
		ReleaseScriptCaches (0ms)
		RebuildScriptCaches (0ms)
		SetupLoadedEditorAssemblies (229ms)
			LogAssemblyErrors (0ms)
			InitializePlatformSupportModulesInManaged (9ms)
			SetLoadedEditorAssemblies (6ms)
			RefreshPlugins (0ms)
			BeforeProcessingInitializeOnLoad (3ms)
			ProcessInitializeOnLoadAttributes (159ms)
			ProcessInitializeOnLoadMethodAttributes (51ms)
			AfterProcessingInitializeOnLoad (0ms)
			EditorAssembliesLoaded (0ms)
		ExecutionOrderSort2 (0ms)
		AwakeInstancesAfterBackupRestoration (0ms)
========================================================================
Worker process is ready to serve import requests
Begin MonoManager ReloadAssembly
- Loaded All Assemblies, in  0.740 seconds
Refreshing native plugins compatible for Editor in 3.19 ms, found 3 plugins.
Native extension for WindowsStandalone target not found
Native extension for WebGL target not found
Package Manager log level set to [2]
[Package Manager] Server::EnsureServerProcessIsRunning -- launch failed, reason: Unity was launched with the -noUpm command-line argument
[Package Manager] UpmClient::Send -- Unable to send message (not connected to UPM process).
[Package Manager] Cannot connect to Unity Package Manager local server
Mono: successfully reloaded assembly
- Finished resetting the current domain, in  0.679 seconds
Domain Reload Profiling: 1420ms
	BeginReloadAssembly (182ms)
		ExecutionOrderSort (0ms)
		DisableScriptedObjects (5ms)
		BackupInstance (0ms)
		ReleaseScriptingObjects (0ms)
		CreateAndSetChildDomain (24ms)
	RebuildCommonClasses (34ms)
	RebuildNativeTypeToScriptingClass (11ms)
	initialDomainReloadingComplete (51ms)
	LoadAllAssembliesAndSetupDomain (462ms)
		LoadAssemblies (374ms)
		RebuildTransferFunctionScriptingTraits (0ms)
		AnalyzeDomain (206ms)
			TypeCache.Refresh (180ms)
				TypeCache.ScanAssembly (164ms)
			ScanForSourceGeneratedMonoScriptInfo (18ms)
			ResolveRequiredComponents (6ms)
	FinalizeReload (680ms)
		ReleaseScriptCaches (0ms)
		RebuildScriptCaches (0ms)
		SetupLoadedEditorAssemblies (487ms)
			LogAssemblyErrors (0ms)
			InitializePlatformSupportModulesInManaged (6ms)
			SetLoadedEditorAssemblies (5ms)
			RefreshPlugins (0ms)
			BeforeProcessingInitializeOnLoad (58ms)
			ProcessInitializeOnLoadAttributes (391ms)
			ProcessInitializeOnLoadMethodAttributes (22ms)
			AfterProcessingInitializeOnLoad (4ms)
			EditorAssembliesLoaded (0ms)
		ExecutionOrderSort2 (0ms)
		AwakeInstancesAfterBackupRestoration (15ms)
Launched and connected shader compiler UnityShaderCompiler.exe after 0.07 seconds
Refreshing native plugins compatible for Editor in 3.36 ms, found 3 plugins.
Preloading 0 native plugins for Editor in 0.00 ms.
Unloading 3506 Unused Serialized files (Serialized files now loaded: 0)
Unloading 40 unused Assets / (59.0 KB). Loaded Objects now: 4011.
Memory consumption went from 153.3 MB to 153.3 MB.
Total: 3.232900 ms (FindLiveObjects: 0.292600 ms CreateObjectMapping: 0.216200 ms MarkObjects: 2.611700 ms  DeleteObjects: 0.111700 ms)

AssetImportParameters requested are different than current active one (requested -> active):
  custom:container-demuxer-ogg: 62fdf1f143b41e24485cea50d1cbac27 -> 
  custom:video-decoder-ogg-theora: a1e56fd34408186e4bbccfd4996cb3dc -> 
  custom:framework-win-MediaFoundation: 216162199b28c13a410421893ffa2e32 -> 
  custom:CustomObjectIndexerAttribute: 9a22284fe3817be447336de3de66b15e -> 
  custom:container-demuxer-webm: 4f35f7cbe854078d1ac9338744f61a02 -> 
  custom:container-muxer-webm: aa71ff27fc2769a1b78a27578f13a17b -> 
  custom:video-decoder-webm-vp8: 9c59270c3fd7afecdb556c50c9e8de78 -> 
  custom:SearchIndexIgnoredProperties: e643bd26f0fe6173181afceb89e7c659 -> 
  custom:AudioImporter_EditorPlatform: d09bf68614088b80899f8185d706f6e7 -> 
  custom:video-encoder-webm-vp8: eb34c28f22e8b96e1ab97ce403110664 -> 
  custom:audio-decoder-ogg-vorbis: bf7c407c2cedff20999df2af8eb42d56 -> 
  custom:audio-encoder-webm-vorbis: bf7c407c2cedff20999df2af8eb42d56 -> 
========================================================================
Received Import Request.
  Time since last request: 246293.797374 seconds.
  path: Assets/3D Retro Medieval Fantasy Kit/Textures/Brick-Large-Irregular.png
  artifactKey: Guid(28ee50e8a4a4cfd4abcf63e0bcf6b829) Importer(815301076,1909f56bfc062723c751e8b465ee728b)
Start importing Assets/3D Retro Medieval Fantasy Kit/Textures/Brick-Large-Irregular.png using Guid(28ee50e8a4a4cfd4abcf63e0bcf6b829) Importer(815301076,1909f56bfc062723c751e8b465ee728b) [PhysX] Initialized MultithreadedTaskDispatcher with 12 workers.
[PhysX] Initialized MultithreadedTaskDispatcher with 12 workers.
 -> (artifact id: '3acfd084473f5a62e88e9c9fa8c98b1b') in 0.272415 seconds
Number of updated asset objects reloaded before import = 0
Number of asset objects unloaded after import = 2
========================================================================
Received Import Request.
  Time since last request: 0.000026 seconds.
  path: Assets/3D Retro Medieval Fantasy Kit/Textures/Fabric-Cord.png
  artifactKey: Guid(6099f11d829a1bd4a83b18b581406bf7) Importer(815301076,1909f56bfc062723c751e8b465ee728b)
Start importing Assets/3D Retro Medieval Fantasy Kit/Textures/Fabric-Cord.png using Guid(6099f11d829a1bd4a83b18b581406bf7) Importer(815301076,1909f56bfc062723c751e8b465ee728b) [PhysX] Initialized MultithreadedTaskDispatcher with 12 workers.
[PhysX] Initialized MultithreadedTaskDispatcher with 12 workers.
 -> (artifact id: 'c406d2e7d84a83a2ddab17517a6ed325') in 0.184034 seconds
Number of updated asset objects reloaded before import = 0
Number of asset objects unloaded after import = 2
========================================================================
Received Import Request.
  Time since last request: 0.000029 seconds.
  path: Assets/3D Retro Medieval Fantasy Kit/Textures/Fabric-Pattern-1.png
  artifactKey: Guid(ac10682103eef9048a471a3989ebbc13) Importer(815301076,1909f56bfc062723c751e8b465ee728b)
Start importing Assets/3D Retro Medieval Fantasy Kit/Textures/Fabric-Pattern-1.png using Guid(ac10682103eef9048a471a3989ebbc13) Importer(815301076,1909f56bfc062723c751e8b465ee728b) [PhysX] Initialized MultithreadedTaskDispatcher with 12 workers.
[PhysX] Initialized MultithreadedTaskDispatcher with 12 workers.
 -> (artifact id: '1fc72152f9f4951363dd771c3cfa2ec6') in 0.035256 seconds
Number of updated asset objects reloaded before import = 0
Number of asset objects unloaded after import = 2
========================================================================
Received Import Request.
  Time since last request: 0.000020 seconds.
  path: Assets/3D Retro Medieval Fantasy Kit/Textures/Brick-White-2.png
  artifactKey: Guid(51e8247bc02c46e4bab78bb0744e586b) Importer(815301076,1909f56bfc062723c751e8b465ee728b)
Start importing Assets/3D Retro Medieval Fantasy Kit/Textures/Brick-White-2.png using Guid(51e8247bc02c46e4bab78bb0744e586b) Importer(815301076,1909f56bfc062723c751e8b465ee728b) [PhysX] Initialized MultithreadedTaskDispatcher with 12 workers.
[PhysX] Initialized MultithreadedTaskDispatcher with 12 workers.
 -> (artifact id: 'b49dbc4d2d3545fad7e1d0a56b6cadfd') in 0.037226 seconds
Number of updated asset objects reloaded before import = 0
Number of asset objects unloaded after import = 2
========================================================================
Received Import Request.
  Time since last request: 0.000036 seconds.
  path: Assets/3D Retro Medieval Fantasy Kit/Textures/Paving-Cobble.png
  artifactKey: Guid(83970be20e7e84f4e80174126590eef3) Importer(815301076,1909f56bfc062723c751e8b465ee728b)
Start importing Assets/3D Retro Medieval Fantasy Kit/Textures/Paving-Cobble.png using Guid(83970be20e7e84f4e80174126590eef3) Importer(815301076,1909f56bfc062723c751e8b465ee728b) [PhysX] Initialized MultithreadedTaskDispatcher with 12 workers.
[PhysX] Initialized MultithreadedTaskDispatcher with 12 workers.
 -> (artifact id: '3f46127e817e90245f640db8628a93a8') in 0.012629 seconds
Number of updated asset objects reloaded before import = 0
Number of asset objects unloaded after import = 2
========================================================================
Received Import Request.
  Time since last request: 0.000172 seconds.
  path: Assets/3D Retro Medieval Fantasy Kit/Textures/Tiles-Large.png
  artifactKey: Guid(1513709b98cbbb64faaede728dbff438) Importer(815301076,1909f56bfc062723c751e8b465ee728b)
Start importing Assets/3D Retro Medieval Fantasy Kit/Textures/Tiles-Large.png using Guid(1513709b98cbbb64faaede728dbff438) Importer(815301076,1909f56bfc062723c751e8b465ee728b) [PhysX] Initialized MultithreadedTaskDispatcher with 12 workers.
[PhysX] Initialized MultithreadedTaskDispatcher with 12 workers.
 -> (artifact id: 'f8b0f4b63a156c7d04df61d03997c9a5') in 0.011300 seconds
Number of updated asset objects reloaded before import = 0
Number of asset objects unloaded after import = 2
========================================================================
Received Import Request.
  Time since last request: 0.000020 seconds.
  path: Assets/3D Retro Medieval Fantasy Kit/Textures/Wood-Pale.png
  artifactKey: Guid(6160445c292ee4e43a9fa97a5209bd25) Importer(815301076,1909f56bfc062723c751e8b465ee728b)
Start importing Assets/3D Retro Medieval Fantasy Kit/Textures/Wood-Pale.png using Guid(6160445c292ee4e43a9fa97a5209bd25) Importer(815301076,1909f56bfc062723c751e8b465ee728b) [PhysX] Initialized MultithreadedTaskDispatcher with 12 workers.
[PhysX] Initialized MultithreadedTaskDispatcher with 12 workers.
 -> (artifact id: 'e312c1023d3cc2c897edcfe96e1857e0') in 0.053310 seconds
Number of updated asset objects reloaded before import = 0
Number of asset objects unloaded after import = 2
========================================================================
Received Import Request.
  Time since last request: 0.000018 seconds.
  path: Assets/3D Retro Medieval Fantasy Kit/Textures/Roof-Tiles.png
  artifactKey: Guid(08fa475c39e38cc49aca7d01520f7272) Importer(815301076,1909f56bfc062723c751e8b465ee728b)
Start importing Assets/3D Retro Medieval Fantasy Kit/Textures/Roof-Tiles.png using Guid(08fa475c39e38cc49aca7d01520f7272) Importer(815301076,1909f56bfc062723c751e8b465ee728b) [PhysX] Initialized MultithreadedTaskDispatcher with 12 workers.
[PhysX] Initialized MultithreadedTaskDispatcher with 12 workers.
 -> (artifact id: 'b1c01802508230197be99052ee09de84') in 0.013642 seconds
Number of updated asset objects reloaded before import = 0
Number of asset objects unloaded after import = 2
========================================================================
Received Import Request.
  Time since last request: 0.000077 seconds.
  path: Assets/3D Retro Medieval Fantasy Kit/Textures/NewLayer 1.terrainlayer
  artifactKey: Guid(ab97ecc8928c0884f92746aaad318f85) Importer(815301076,1909f56bfc062723c751e8b465ee728b)
Start importing Assets/3D Retro Medieval Fantasy Kit/Textures/NewLayer 1.terrainlayer using Guid(ab97ecc8928c0884f92746aaad318f85) Importer(815301076,1909f56bfc062723c751e8b465ee728b) [PhysX] Initialized MultithreadedTaskDispatcher with 12 workers.
 -> (artifact id: '72d92724222e179263dea6f2d58d7949') in 0.115553 seconds
Number of updated asset objects reloaded before import = 0
Number of asset objects unloaded after import = 2
========================================================================
Received Import Request.
  Time since last request: 0.000029 seconds.
  path: Assets/3D Retro Medieval Fantasy Kit/Textures/NewLayer 2.terrainlayer
  artifactKey: Guid(2a66e894582158b4b9549160793268bb) Importer(815301076,1909f56bfc062723c751e8b465ee728b)
Start importing Assets/3D Retro Medieval Fantasy Kit/Textures/NewLayer 2.terrainlayer using Guid(2a66e894582158b4b9549160793268bb) Importer(815301076,1909f56bfc062723c751e8b465ee728b) [PhysX] Initialized MultithreadedTaskDispatcher with 12 workers.
 -> (artifact id: '704f205ff61f9b1a2749e243c18d0c7b') in 0.151516 seconds
Number of updated asset objects reloaded before import = 0
Number of asset objects unloaded after import = 2
========================================================================
Received Import Request.
  Time since last request: 0.000039 seconds.
  path: Assets/3D Retro Medieval Fantasy Kit/Textures/Brick-Mossy.png
  artifactKey: Guid(75b2a7f54b793a14e916791e38ebefcf) Importer(815301076,1909f56bfc062723c751e8b465ee728b)
Start importing Assets/3D Retro Medieval Fantasy Kit/Textures/Brick-Mossy.png using Guid(75b2a7f54b793a14e916791e38ebefcf) Importer(815301076,1909f56bfc062723c751e8b465ee728b) [PhysX] Initialized MultithreadedTaskDispatcher with 12 workers.
[PhysX] Initialized MultithreadedTaskDispatcher with 12 workers.
 -> (artifact id: '3bcfdfe774bd8086c4aab29b4757b3b4') in 0.012149 seconds
Number of updated asset objects reloaded before import = 0
Number of asset objects unloaded after import = 2
========================================================================
Received Import Request.
  Time since last request: 4.996102 seconds.
  path: Assets/bat_black/batblackdetail2_texture.png
  artifactKey: Guid(f96338ed895f24444942edaef3330295) Importer(815301076,1909f56bfc062723c751e8b465ee728b)
Start importing Assets/bat_black/batblackdetail2_texture.png using Guid(f96338ed895f24444942edaef3330295) Importer(815301076,1909f56bfc062723c751e8b465ee728b) [PhysX] Initialized MultithreadedTaskDispatcher with 12 workers.
[PhysX] Initialized MultithreadedTaskDispatcher with 12 workers.
 -> (artifact id: 'e64a841d0116a2be050b235ec1570705') in 0.077075 seconds
Number of updated asset objects reloaded before import = 0
Number of asset objects unloaded after import = 2
========================================================================
Received Import Request.
  Time since last request: 3.050486 seconds.
  path: Assets/knight/Knight.mat
  artifactKey: Guid(78049f8e0ba4ff047bf4b27fcfe322cf) Importer(815301076,1909f56bfc062723c751e8b465ee728b)
Start importing Assets/knight/Knight.mat using Guid(78049f8e0ba4ff047bf4b27fcfe322cf) Importer(815301076,1909f56bfc062723c751e8b465ee728b) [PhysX] Initialized MultithreadedTaskDispatcher with 12 workers.
[PhysX] Initialized MultithreadedTaskDispatcher with 12 workers.
 -> (artifact id: '95aa4cd225b778f09c78ee7e15d74d42') in 0.569090 seconds
Number of updated asset objects reloaded before import = 0
Number of asset objects unloaded after import = 2
========================================================================
Received Import Request.
  Time since last request: 0.000024 seconds.
  path: Assets/knight/knightlowres.png
  artifactKey: Guid(35909bb90c10c004fa9de7e567d9c25c) Importer(815301076,1909f56bfc062723c751e8b465ee728b)
Start importing Assets/knight/knightlowres.png using Guid(35909bb90c10c004fa9de7e567d9c25c) Importer(815301076,1909f56bfc062723c751e8b465ee728b) [PhysX] Initialized MultithreadedTaskDispatcher with 12 workers.
[PhysX] Initialized MultithreadedTaskDispatcher with 12 workers.
 -> (artifact id: '1797cb9098fec3adf8d387bd3800c588') in 0.192054 seconds
Number of updated asset objects reloaded before import = 0
Number of asset objects unloaded after import = 2
========================================================================
Received Import Request.
  Time since last request: 27.972864 seconds.
  path: Assets/tree_pack_1.1/models/tree19.fbx
  artifactKey: Guid(3aa8aa83240264045be3cb8cc6f29f9b) Importer(815301076,1909f56bfc062723c751e8b465ee728b)
Start importing Assets/tree_pack_1.1/models/tree19.fbx using Guid(3aa8aa83240264045be3cb8cc6f29f9b) Importer(815301076,1909f56bfc062723c751e8b465ee728b) [PhysX] Initialized MultithreadedTaskDispatcher with 12 workers.
[PhysX] Initialized MultithreadedTaskDispatcher with 12 workers.
[PhysX] Initialized MultithreadedTaskDispatcher with 12 workers.
[PhysX] Initialized MultithreadedTaskDispatcher with 12 workers.
 -> (artifact id: 'a3019e31bd964eac89ccc8dc5dda6533') in 0.187195 seconds
Number of updated asset objects reloaded before import = 0
Number of asset objects unloaded after import = 8
========================================================================
Received Import Request.
  Time since last request: 0.000054 seconds.
  path: Assets/tree_pack_1.1/models/tree26.fbx
  artifactKey: Guid(85f588a3b9bfc3a4389204dd5e638976) Importer(815301076,1909f56bfc062723c751e8b465ee728b)
Start importing Assets/tree_pack_1.1/models/tree26.fbx using Guid(85f588a3b9bfc3a4389204dd5e638976) Importer(815301076,1909f56bfc062723c751e8b465ee728b) [PhysX] Initialized MultithreadedTaskDispatcher with 12 workers.
[PhysX] Initialized MultithreadedTaskDispatcher with 12 workers.
[PhysX] Initialized MultithreadedTaskDispatcher with 12 workers.
[PhysX] Initialized MultithreadedTaskDispatcher with 12 workers.
 -> (artifact id: '36ffb76e7848f624e860176130211b54') in 0.066259 seconds
Number of updated asset objects reloaded before import = 0
Number of asset objects unloaded after import = 8
========================================================================
Received Import Request.
  Time since last request: 0.000027 seconds.
  path: Assets/tree_pack_1.1/models/tree21.fbx
  artifactKey: Guid(0b3b8fdc09a87084fb9dc40145876be3) Importer(815301076,1909f56bfc062723c751e8b465ee728b)
Start importing Assets/tree_pack_1.1/models/tree21.fbx using Guid(0b3b8fdc09a87084fb9dc40145876be3) Importer(815301076,1909f56bfc062723c751e8b465ee728b) [PhysX] Initialized MultithreadedTaskDispatcher with 12 workers.
[PhysX] Initialized MultithreadedTaskDispatcher with 12 workers.
[PhysX] Initialized MultithreadedTaskDispatcher with 12 workers.
[PhysX] Initialized MultithreadedTaskDispatcher with 12 workers.
 -> (artifact id: '404ec6aeb8dbe4b89912d904ab660a3b') in 0.040478 seconds
Number of updated asset objects reloaded before import = 0
Number of asset objects unloaded after import = 8
========================================================================
Received Import Request.
  Time since last request: 0.000018 seconds.
  path: Assets/tree_pack_1.1/models/tree29.fbx
  artifactKey: Guid(8b0024299a04a3943b54554b47552827) Importer(815301076,1909f56bfc062723c751e8b465ee728b)
Start importing Assets/tree_pack_1.1/models/tree29.fbx using Guid(8b0024299a04a3943b54554b47552827) Importer(815301076,1909f56bfc062723c751e8b465ee728b) [PhysX] Initialized MultithreadedTaskDispatcher with 12 workers.
[PhysX] Initialized MultithreadedTaskDispatcher with 12 workers.
[PhysX] Initialized MultithreadedTaskDispatcher with 12 workers.
[PhysX] Initialized MultithreadedTaskDispatcher with 12 workers.
 -> (artifact id: 'bd56faf88c271cb11d6613f8650b267a') in 0.017495 seconds
Number of updated asset objects reloaded before import = 0
Number of asset objects unloaded after import = 8
========================================================================
Received Import Request.
  Time since last request: 0.000028 seconds.
  path: Assets/tree_pack_1.1/models/tree28.fbx
  artifactKey: Guid(786628b80c98f294fb8c80d653ddb44a) Importer(815301076,1909f56bfc062723c751e8b465ee728b)
Start importing Assets/tree_pack_1.1/models/tree28.fbx using Guid(786628b80c98f294fb8c80d653ddb44a) Importer(815301076,1909f56bfc062723c751e8b465ee728b) [PhysX] Initialized MultithreadedTaskDispatcher with 12 workers.
[PhysX] Initialized MultithreadedTaskDispatcher with 12 workers.
[PhysX] Initialized MultithreadedTaskDispatcher with 12 workers.
[PhysX] Initialized MultithreadedTaskDispatcher with 12 workers.
 -> (artifact id: '49f78e2a7b932e02a43ab256ee43b0e6') in 0.018495 seconds
Number of updated asset objects reloaded before import = 0
Number of asset objects unloaded after import = 8
========================================================================
Received Import Request.
  Time since last request: 0.000024 seconds.
  path: Assets/tree_pack_1.1/models/tree25.fbx
  artifactKey: Guid(2c62e2b25080fbc48b4328d114f53499) Importer(815301076,1909f56bfc062723c751e8b465ee728b)
Start importing Assets/tree_pack_1.1/models/tree25.fbx using Guid(2c62e2b25080fbc48b4328d114f53499) Importer(815301076,1909f56bfc062723c751e8b465ee728b) [PhysX] Initialized MultithreadedTaskDispatcher with 12 workers.
[PhysX] Initialized MultithreadedTaskDispatcher with 12 workers.
[PhysX] Initialized MultithreadedTaskDispatcher with 12 workers.
[PhysX] Initialized MultithreadedTaskDispatcher with 12 workers.
 -> (artifact id: '9fa958165f22711f4a88ddcb56361dfa') in 0.044842 seconds
Number of updated asset objects reloaded before import = 0
Number of asset objects unloaded after import = 8
========================================================================
Received Import Request.
  Time since last request: 5.566069 seconds.
  path: Assets/tree_pack_1.1/textures/bush05.png
  artifactKey: Guid(2a80f02cdda19dd42b941e269d4d84f2) Importer(815301076,1909f56bfc062723c751e8b465ee728b)
Start importing Assets/tree_pack_1.1/textures/bush05.png using Guid(2a80f02cdda19dd42b941e269d4d84f2) Importer(815301076,1909f56bfc062723c751e8b465ee728b) [PhysX] Initialized MultithreadedTaskDispatcher with 12 workers.
[PhysX] Initialized MultithreadedTaskDispatcher with 12 workers.
 -> (artifact id: '024ea6eea408c842b05289232992fb3a') in 0.010977 seconds
Number of updated asset objects reloaded before import = 0
Number of asset objects unloaded after import = 2
========================================================================
Received Import Request.
  Time since last request: 0.166795 seconds.
  path: Assets/tree_pack_1.1/textures/tree03.png
  artifactKey: Guid(74a27f13b6b09c543aa3b91ebb74be44) Importer(815301076,1909f56bfc062723c751e8b465ee728b)
Start importing Assets/tree_pack_1.1/textures/tree03.png using Guid(74a27f13b6b09c543aa3b91ebb74be44) Importer(815301076,1909f56bfc062723c751e8b465ee728b) [PhysX] Initialized MultithreadedTaskDispatcher with 12 workers.
[PhysX] Initialized MultithreadedTaskDispatcher with 12 workers.
 -> (artifact id: 'b2f1b9975ecf9ddadcbf077d97702fcb') in 0.010243 seconds
Number of updated asset objects reloaded before import = 0
Number of asset objects unloaded after import = 2
========================================================================
Received Import Request.
  Time since last request: 0.046195 seconds.
  path: Assets/tree_pack_1.1/textures/tree07.png
  artifactKey: Guid(f0c858266ae66804e91cfe5d440220cc) Importer(815301076,1909f56bfc062723c751e8b465ee728b)
Start importing Assets/tree_pack_1.1/textures/tree07.png using Guid(f0c858266ae66804e91cfe5d440220cc) Importer(815301076,1909f56bfc062723c751e8b465ee728b) [PhysX] Initialized MultithreadedTaskDispatcher with 12 workers.
[PhysX] Initialized MultithreadedTaskDispatcher with 12 workers.
 -> (artifact id: 'ee7ba41b3da8921c10b72d5bd5305098') in 0.065565 seconds
Number of updated asset objects reloaded before import = 0
Number of asset objects unloaded after import = 2
========================================================================
Received Import Request.
  Time since last request: 0.000026 seconds.
  path: Assets/tree_pack_1.1/textures/tree11.png
  artifactKey: Guid(4943bcd9f6cd37b4fab5ebcb60ed9532) Importer(815301076,1909f56bfc062723c751e8b465ee728b)
Start importing Assets/tree_pack_1.1/textures/tree11.png using Guid(4943bcd9f6cd37b4fab5ebcb60ed9532) Importer(815301076,1909f56bfc062723c751e8b465ee728b) [PhysX] Initialized MultithreadedTaskDispatcher with 12 workers.
[PhysX] Initialized MultithreadedTaskDispatcher with 12 workers.
 -> (artifact id: '89ac21171e9135a4e8f9eed364974d21') in 0.009895 seconds
Number of updated asset objects reloaded before import = 0
Number of asset objects unloaded after import = 2
========================================================================
Received Import Request.
  Time since last request: 0.007989 seconds.
  path: Assets/tree_pack_1.1/textures/tree15.png
  artifactKey: Guid(01f9f5c82275b5b44a81e8c414919263) Importer(815301076,1909f56bfc062723c751e8b465ee728b)
Start importing Assets/tree_pack_1.1/textures/tree15.png using Guid(01f9f5c82275b5b44a81e8c414919263) Importer(815301076,1909f56bfc062723c751e8b465ee728b) [PhysX] Initialized MultithreadedTaskDispatcher with 12 workers.
[PhysX] Initialized MultithreadedTaskDispatcher with 12 workers.
 -> (artifact id: '3950a170063835c3e8314e83a4cf3d29') in 0.063335 seconds
Number of updated asset objects reloaded before import = 0
Number of asset objects unloaded after import = 2
========================================================================
Received Import Request.
  Time since last request: 0.000022 seconds.
  path: Assets/tree_pack_1.1/textures/tree18.png
  artifactKey: Guid(b60bff5306c02d74c844f843e821e734) Importer(815301076,1909f56bfc062723c751e8b465ee728b)
Start importing Assets/tree_pack_1.1/textures/tree18.png using Guid(b60bff5306c02d74c844f843e821e734) Importer(815301076,1909f56bfc062723c751e8b465ee728b) [PhysX] Initialized MultithreadedTaskDispatcher with 12 workers.
[PhysX] Initialized MultithreadedTaskDispatcher with 12 workers.
 -> (artifact id: '55647e765b19683f613f714ebad74cf3') in 0.041143 seconds
Number of updated asset objects reloaded before import = 0
Number of asset objects unloaded after import = 2
========================================================================
Received Import Request.
  Time since last request: 0.031368 seconds.
  path: Assets/tree_pack_1.1/textures/tree23.png
  artifactKey: Guid(60e6fe9482fae264389869d4d6b35672) Importer(815301076,1909f56bfc062723c751e8b465ee728b)
Start importing Assets/tree_pack_1.1/textures/tree23.png using Guid(60e6fe9482fae264389869d4d6b35672) Importer(815301076,1909f56bfc062723c751e8b465ee728b) [PhysX] Initialized MultithreadedTaskDispatcher with 12 workers.
[PhysX] Initialized MultithreadedTaskDispatcher with 12 workers.
 -> (artifact id: '88a4c84bc51cb6d2308ce24af61b76e7') in 0.022128 seconds
Number of updated asset objects reloaded before import = 0
Number of asset objects unloaded after import = 2
========================================================================
Received Import Request.
  Time since last request: 0.000018 seconds.
  path: Assets/tree_pack_1.1/textures/tree25.png
  artifactKey: Guid(decc2a856b0bb4d40ac09b449cc095ba) Importer(815301076,1909f56bfc062723c751e8b465ee728b)
Start importing Assets/tree_pack_1.1/textures/tree25.png using Guid(decc2a856b0bb4d40ac09b449cc095ba) Importer(815301076,1909f56bfc062723c751e8b465ee728b) [PhysX] Initialized MultithreadedTaskDispatcher with 12 workers.
[PhysX] Initialized MultithreadedTaskDispatcher with 12 workers.
 -> (artifact id: '9c2374e2fb4e1e83e2f8b692bc584b66') in 0.010668 seconds
Number of updated asset objects reloaded before import = 0
Number of asset objects unloaded after import = 2
========================================================================
Received Import Request.
  Time since last request: 0.000016 seconds.
  path: Assets/tree_pack_1.1/textures/tree29.png
  artifactKey: Guid(9db57214fad2b74418a9fb3d1a329226) Importer(815301076,1909f56bfc062723c751e8b465ee728b)
Start importing Assets/tree_pack_1.1/textures/tree29.png using Guid(9db57214fad2b74418a9fb3d1a329226) Importer(815301076,1909f56bfc062723c751e8b465ee728b) [PhysX] Initialized MultithreadedTaskDispatcher with 12 workers.
[PhysX] Initialized MultithreadedTaskDispatcher with 12 workers.
 -> (artifact id: '324ba1167e205a0bb0c0530861bdaf91') in 0.009778 seconds
Number of updated asset objects reloaded before import = 0
Number of asset objects unloaded after import = 2
========================================================================
Received Import Request.
  Time since last request: 0.000017 seconds.
  path: Assets/tree_pack_1.1/textures/tree31.png
  artifactKey: Guid(94c63374a0d18bd4c88287e7a6375135) Importer(815301076,1909f56bfc062723c751e8b465ee728b)
Start importing Assets/tree_pack_1.1/textures/tree31.png using Guid(94c63374a0d18bd4c88287e7a6375135) Importer(815301076,1909f56bfc062723c751e8b465ee728b) [PhysX] Initialized MultithreadedTaskDispatcher with 12 workers.
[PhysX] Initialized MultithreadedTaskDispatcher with 12 workers.
 -> (artifact id: 'ff8f692f398189f6163d4fd8a0aa242f') in 0.018929 seconds
Number of updated asset objects reloaded before import = 0
Number of asset objects unloaded after import = 2
========================================================================
Received Import Request.
  Time since last request: 0.000071 seconds.
  path: Assets/tree_pack_1.1/textures/tree36.png
  artifactKey: Guid(e766f9df44725c84f81191a76118ed36) Importer(815301076,1909f56bfc062723c751e8b465ee728b)
Start importing Assets/tree_pack_1.1/textures/tree36.png using Guid(e766f9df44725c84f81191a76118ed36) Importer(815301076,1909f56bfc062723c751e8b465ee728b) [PhysX] Initialized MultithreadedTaskDispatcher with 12 workers.
[PhysX] Initialized MultithreadedTaskDispatcher with 12 workers.
 -> (artifact id: 'c8bddac60ca40cdfc2fd41e6a0affda6') in 0.010418 seconds
Number of updated asset objects reloaded before import = 0
Number of asset objects unloaded after import = 2
========================================================================
Received Import Request.
  Time since last request: 0.000023 seconds.
  path: Assets/tree_pack_1.1/textures/tree21.png
  artifactKey: Guid(7c7ce8a59cdfd80479f256ca5bac19e6) Importer(815301076,1909f56bfc062723c751e8b465ee728b)
Start importing Assets/tree_pack_1.1/textures/tree21.png using Guid(7c7ce8a59cdfd80479f256ca5bac19e6) Importer(815301076,1909f56bfc062723c751e8b465ee728b) [PhysX] Initialized MultithreadedTaskDispatcher with 12 workers.
[PhysX] Initialized MultithreadedTaskDispatcher with 12 workers.
 -> (artifact id: 'b742bc9644b616bef775c2bcd2204d40') in 0.011653 seconds
Number of updated asset objects reloaded before import = 0
Number of asset objects unloaded after import = 2
========================================================================
Received Import Request.
  Time since last request: 0.000030 seconds.
  path: Assets/tree_pack_1.1/textures/tree24.png
  artifactKey: Guid(9e7a106c7f96eaa48a9d0abebe07f9ba) Importer(815301076,1909f56bfc062723c751e8b465ee728b)
Start importing Assets/tree_pack_1.1/textures/tree24.png using Guid(9e7a106c7f96eaa48a9d0abebe07f9ba) Importer(815301076,1909f56bfc062723c751e8b465ee728b) [PhysX] Initialized MultithreadedTaskDispatcher with 12 workers.
[PhysX] Initialized MultithreadedTaskDispatcher with 12 workers.
 -> (artifact id: 'b5a92971ec678f856af7b10294a0ecbb') in 0.035232 seconds
Number of updated asset objects reloaded before import = 0
Number of asset objects unloaded after import = 2
========================================================================
Received Import Request.
  Time since last request: 0.000038 seconds.
  path: Assets/Tree_Textures/shadow.png
  artifactKey: Guid(7eefd5c951bba87439eb3d8b1c5228c5) Importer(815301076,1909f56bfc062723c751e8b465ee728b)
Start importing Assets/Tree_Textures/shadow.png using Guid(7eefd5c951bba87439eb3d8b1c5228c5) Importer(815301076,1909f56bfc062723c751e8b465ee728b) [PhysX] Initialized MultithreadedTaskDispatcher with 12 workers.
[PhysX] Initialized MultithreadedTaskDispatcher with 12 workers.
 -> (artifact id: '930cb7935467cd3be3010920f42480f9') in 0.021060 seconds
Number of updated asset objects reloaded before import = 0
Number of asset objects unloaded after import = 2
Editor requested this worker to shutdown with reason: Scaling down because of idle timeout
TcpMessagingSession - receive error: operation aborted. errorcode: 995, details: The I/O operation has been aborted because of either a thread exit or an application request.
AssetImportWorker is now disconnected from the server
Process exiting
Exiting without the bug reporter. Application will terminate with return code 0